0
-0.0591
-0.0975
-0.1351
-0.1719
-0.2079
-0.2431
-0.2775
-0.3111
-0.3439
-0.3759
-0.4071
-0.4375
-0.4671
-0.4959
-0.5239
-0.5511
-0.5775
-0.6031
-0.6279
-0.6519
-0.6751
-0.6975
-0.7191
-0.7399
-0.7599
-0.7791
-0.7975
-0.8151
-0.8319
-0.8479
-0.8631
-0.8775
-0.8911
-0.9039
-0.9159
-0.9271
-0.9375
-0.9471
-0.9559
-0.9639
-0.9711
-0.9775
-0.9831
-0.9879
-0.9919
-0.9951
-0.9975
-0.9991
-0.9999
-0.9999
-0.9991
-0.9975
-0.9951
-0.9919
-0.9879
-0.9831
-0.9775
-0.9711
-0.9639
-0.9559
-0.9471
-0.9375
-0.9271
-0.9159
-0.9039
-0.8911
-0.8775
-0.8631
-0.8479
-0.8319
-0.8151
-0.7975
-0.7791
-0.7599
-0.7399
-0.7191
-0.6975
-0.6751
-0.6519
-0.6279
-0.6031
-0.5775
-0.5511
-0.5239
-0.4959
-0.4671
-0.4375
-0.4071
-0.3759
-0.3439
-0.3111
-0.2775
-0.2431
-0.2079
-0.1719
-0.1351
-0.0975
-0.0591
-1.26349e-13
